The system is: Darwin - 12.4.0 - i386
Compiling the C compiler identification source file "CMakeCCompilerId.c" succeeded.
Compiler: /usr/bin/cc 
Build flags: ;-I/opt/local/include
Id flags: 

The output was:
0


Compilation of the C compiler identification source "CMakeCCompilerId.c" produced "a.out"

The C compiler identification is Clang, found in "/Users/Jean/Developer/Applications/_SKELETONS/cmake_skeleton/build/CMakeFiles/2.8.11.1/CompilerIdC/a.out"

Determining if the C compiler works passed with the following output:
Change Dir: /Users/Jean/Developer/Applications/_SKELETONS/cmake_skeleton/build/CMakeFiles/CMakeTmp

Run Build Command:/usr/bin/make "cmTryCompileExec1464593813/fast"
/usr/bin/make -f CMakeFiles/cmTryCompileExec1464593813.dir/build.make CMakeFiles/cmTryCompileExec1464593813.dir/build
/usr/local/Cellar/cmake/2.8.11.1/bin/cmake -E cmake_progress_report /Users/Jean/Developer/Applications/_SKELETONS/cmake_skeleton/build/CMakeFiles/CMakeTmp/CMakeFiles 1
Building C object CMakeFiles/cmTryCompileExec1464593813.dir/testCCompiler.c.o
/usr/bin/cc   -I/opt/local/include      -o CMakeFiles/cmTryCompileExec1464593813.dir/testCCompiler.c.o   -c /Users/Jean/Developer/Applications/_SKELETONS/cmake_skeleton/build/CMakeFiles/CMakeTmp/testCCompiler.c
Linking C executable cmTryCompileExec1464593813
/usr/local/Cellar/cmake/2.8.11.1/bin/cmake -E cmake_link_script CMakeFiles/cmTryCompileExec1464593813.dir/link.txt --verbose=1
/usr/bin/cc    -I/opt/local/include    -Wl,-search_paths_first -Wl,-headerpad_max_install_names   -L/opt/local/lib CMakeFiles/cmTryCompileExec1464593813.dir/testCCompiler.c.o  -o cmTryCompileExec1464593813  


Detecting C compiler ABI info compiled with the following output:
Change Dir: /Users/Jean/Developer/Applications/_SKELETONS/cmake_skeleton/build/CMakeFiles/CMakeTmp

Run Build Command:/usr/bin/make "cmTryCompileExec2107239055/fast"
/usr/bin/make -f CMakeFiles/cmTryCompileExec2107239055.dir/build.make CMakeFiles/cmTryCompileExec2107239055.dir/build
/usr/local/Cellar/cmake/2.8.11.1/bin/cmake -E cmake_progress_report /Users/Jean/Developer/Applications/_SKELETONS/cmake_skeleton/build/CMakeFiles/CMakeTmp/CMakeFiles 1
Building C object CMakeFiles/cmTryCompileExec2107239055.dir/CMakeCCompilerABI.c.o
/usr/bin/cc   -I/opt/local/include      -o CMakeFiles/cmTryCompileExec2107239055.dir/CMakeCCompilerABI.c.o   -c /usr/local/Cellar/cmake/2.8.11.1/share/cmake/Modules/CMakeCCompilerABI.c
Linking C executable cmTryCompileExec2107239055
/usr/local/Cellar/cmake/2.8.11.1/bin/cmake -E cmake_link_script CMakeFiles/cmTryCompileExec2107239055.dir/link.txt --verbose=1
/usr/bin/cc    -I/opt/local/include    -Wl,-search_paths_first -Wl,-headerpad_max_install_names -v -Wl,-v CMakeFiles/cmTryCompileExec2107239055.dir/CMakeCCompilerABI.c.o  -o cmTryCompileExec2107239055   
Apple LLVM version 4.2 (clang-425.0.28) (based on LLVM 3.2svn)
Target: x86_64-apple-darwin12.4.0
Thread model: posix
 "/usr/bin/ld" -demangle -dynamic -arch x86_64 -macosx_version_min 10.8.0 -o cmTryCompileExec2107239055 -search_paths_first -headerpad_max_install_names -v CMakeFiles/cmTryCompileExec2107239055.dir/CMakeCCompilerABI.c.o -lSystem /usr/bin/../lib/clang/4.2/lib/darwin/libclang_rt.osx.a
@(#)PROGRAM:ld  PROJECT:ld64-136
configured to support archs: armv6 armv7 armv7s i386 x86_64
Library search paths:
	/usr/lib
	/usr/local/lib
Framework search paths:
	/Library/Frameworks/
	/System/Library/Frameworks/


Parsed C implicit link information from above output:
  link line regex: [^( *|.*[/\])(ld|ld|collect2)[^/\]*( |$)]
  ignore line: [Change Dir: /Users/Jean/Developer/Applications/_SKELETONS/cmake_skeleton/build/CMakeFiles/CMakeTmp]
  ignore line: []
  ignore line: [Run Build Command:/usr/bin/make "cmTryCompileExec2107239055/fast"]
  ignore line: [/usr/bin/make -f CMakeFiles/cmTryCompileExec2107239055.dir/build.make CMakeFiles/cmTryCompileExec2107239055.dir/build]
  ignore line: [/usr/local/Cellar/cmake/2.8.11.1/bin/cmake -E cmake_progress_report /Users/Jean/Developer/Applications/_SKELETONS/cmake_skeleton/build/CMakeFiles/CMakeTmp/CMakeFiles 1]
  ignore line: [Building C object CMakeFiles/cmTryCompileExec2107239055.dir/CMakeCCompilerABI.c.o]
  ignore line: [/usr/bin/cc   -I/opt/local/include      -o CMakeFiles/cmTryCompileExec2107239055.dir/CMakeCCompilerABI.c.o   -c /usr/local/Cellar/cmake/2.8.11.1/share/cmake/Modules/CMakeCCompilerABI.c]
  ignore line: [Linking C executable cmTryCompileExec2107239055]
  ignore line: [/usr/local/Cellar/cmake/2.8.11.1/bin/cmake -E cmake_link_script CMakeFiles/cmTryCompileExec2107239055.dir/link.txt --verbose=1]
  ignore line: [/usr/bin/cc    -I/opt/local/include    -Wl,-search_paths_first -Wl,-headerpad_max_install_names -v -Wl,-v CMakeFiles/cmTryCompileExec2107239055.dir/CMakeCCompilerABI.c.o  -o cmTryCompileExec2107239055   ]
  ignore line: [Apple LLVM version 4.2 (clang-425.0.28) (based on LLVM 3.2svn)]
  ignore line: [Target: x86_64-apple-darwin12.4.0]
  ignore line: [Thread model: posix]
  link line: [ "/usr/bin/ld" -demangle -dynamic -arch x86_64 -macosx_version_min 10.8.0 -o cmTryCompileExec2107239055 -search_paths_first -headerpad_max_install_names -v CMakeFiles/cmTryCompileExec2107239055.dir/CMakeCCompilerABI.c.o -lSystem /usr/bin/../lib/clang/4.2/lib/darwin/libclang_rt.osx.a]
    arg [/usr/bin/ld] ==> ignore
    arg [-demangle] ==> ignore
    arg [-dynamic] ==> ignore
    arg [-arch] ==> ignore
    arg [x86_64] ==> ignore
    arg [-macosx_version_min] ==> ignore
    arg [10.8.0] ==> ignore
    arg [-o] ==> ignore
    arg [cmTryCompileExec2107239055] ==> ignore
    arg [-search_paths_first] ==> ignore
    arg [-headerpad_max_install_names] ==> ignore
    arg [-v] ==> ignore
    arg [CMakeFiles/cmTryCompileExec2107239055.dir/CMakeCCompilerABI.c.o] ==> ignore
    arg [-lSystem] ==> lib [System]
    arg [/usr/bin/../lib/clang/4.2/lib/darwin/libclang_rt.osx.a] ==> lib [/usr/bin/../lib/clang/4.2/lib/darwin/libclang_rt.osx.a]
  Library search paths: [;/usr/lib;/usr/local/lib]
  Framework search paths: [;/Library/Frameworks/;/System/Library/Frameworks/]
  remove lib [System]
  collapse lib [/usr/bin/../lib/clang/4.2/lib/darwin/libclang_rt.osx.a] ==> [/usr/lib/clang/4.2/lib/darwin/libclang_rt.osx.a]
  collapse library dir [/usr/lib] ==> [/usr/lib]
  collapse library dir [/usr/local/lib] ==> [/usr/local/lib]
  collapse framework dir [/Library/Frameworks/] ==> [/Library/Frameworks]
  collapse framework dir [/System/Library/Frameworks/] ==> [/System/Library/Frameworks]
  implicit libs: [/usr/lib/clang/4.2/lib/darwin/libclang_rt.osx.a]
  implicit dirs: [/usr/lib;/usr/local/lib]
  implicit fwks: [/Library/Frameworks;/System/Library/Frameworks]


